2024-05-15 22:20:50:2050 [31merror[39m: [31mENOENT: no such file or directory, open './storage/images/petition_1.png'[39m
2024-05-15 22:34:10:3410 [31merror[39m: [31mENOENT: no such file or directory, open './storage/images/petition_1.png'[39m
2024-05-15 22:34:15:3415 [31merror[39m: [31mENOENT: no such file or directory, open './storage/images/petition_1.png'[39m
2024-05-15 22:34:31:3431 [31merror[39m: [31mENOENT: no such file or directory, open './storage/images/petition_16.png'[39m
2024-05-15 23:50:11:5011 [31merror[39m: [31mENOENT: no such file or directory, open './storage/images/petition_1.png'[39m
2024-05-18 16:51:06:516 [31merror[39m: [31mENOENT: no such file or directory, open './storage/images/petition_6.png'[39m
2024-05-18 16:51:06:516 [31merror[39m: [31mENOENT: no such file or directory, open './storage/images/petition_1.png'[39m
2024-05-18 16:51:06:516 [31merror[39m: [31mENOENT: no such file or directory, open './storage/images/petition_10.png'[39m
2024-05-18 16:51:06:516 [31merror[39m: [31mENOENT: no such file or directory, open './storage/images/petition_7.png'[39m
2024-05-18 16:51:06:516 [31merror[39m: [31mENOENT: no such file or directory, open './storage/images/petition_3.jpg'[39m
2024-05-18 16:51:06:516 [31merror[39m: [31mENOENT: no such file or directory, open './storage/images/petition_9.png'[39m
2024-05-18 16:51:06:516 [31merror[39m: [31mENOENT: no such file or directory, open './storage/images/petition_8.png'[39m
2024-05-18 16:51:06:516 [31merror[39m: [31mENOENT: no such file or directory, open './storage/images/petition_4.png'[39m
2024-05-18 16:51:06:516 [31merror[39m: [31mENOENT: no such file or directory, open './storage/images/petition_2.png'[39m
2024-05-18 16:51:06:516 [31merror[39m: [31mENOENT: no such file or directory, open './storage/images/petition_11.png'[39m
2024-05-18 16:51:06:516 [31merror[39m: [31mENOENT: no such file or directory, open './storage/images/petition_12.png'[39m
2024-05-18 16:51:06:516 [31merror[39m: [31mENOENT: no such file or directory, open './storage/images/petition_5.png'[39m
2024-05-18 16:51:06:516 [31merror[39m: [31mENOENT: no such file or directory, open './storage/images/petition_15.png'[39m
2024-05-18 16:51:06:516 [31merror[39m: [31mENOENT: no such file or directory, open './storage/images/petition_13.png'[39m
2024-05-18 16:51:06:516 [31merror[39m: [31mENOENT: no such file or directory, open './storage/images/petition_16.png'[39m
2024-05-18 16:51:06:516 [31merror[39m: [31mENOENT: no such file or directory, open './storage/images/petition_14.png'[39m
2024-05-18 16:51:06:516 [31merror[39m: [31mENOENT: no such file or directory, open './storage/images/petition_17.png'[39m
2024-05-18 16:51:06:516 [31merror[39m: [31mENOENT: no such file or directory, open './storage/images/petition_18.png'[39m
2024-05-18 16:51:06:516 [31merror[39m: [31mENOENT: no such file or directory, open './storage/images/petition_6.png'[39m
2024-05-18 16:51:06:516 [31merror[39m: [31mENOENT: no such file or directory, open './storage/images/petition_1.png'[39m
2024-05-18 16:51:06:516 [31merror[39m: [31mENOENT: no such file or directory, open './storage/images/petition_7.png'[39m
2024-05-18 16:51:06:516 [31merror[39m: [31mENOENT: no such file or directory, open './storage/images/petition_3.jpg'[39m
2024-05-18 16:51:06:516 [31merror[39m: [31mENOENT: no such file or directory, open './storage/images/petition_8.png'[39m
2024-05-18 16:51:06:516 [31merror[39m: [31mENOENT: no such file or directory, open './storage/images/petition_4.png'[39m
2024-05-18 16:51:06:516 [31merror[39m: [31mENOENT: no such file or directory, open './storage/images/petition_2.png'[39m
2024-05-18 16:51:06:516 [31merror[39m: [31mENOENT: no such file or directory, open './storage/images/petition_3.jpg'[39m
2024-05-18 16:51:06:516 [31merror[39m: [31mENOENT: no such file or directory, open './storage/images/petition_9.png'[39m
2024-05-18 16:51:06:516 [31merror[39m: [31mENOENT: no such file or directory, open './storage/images/petition_10.png'[39m
2024-05-18 16:51:06:516 [31merror[39m: [31mENOENT: no such file or directory, open './storage/images/petition_3.jpg'[39m
2024-05-18 16:51:06:516 [31merror[39m: [31mENOENT: no such file or directory, open './storage/images/petition_3.jpg'[39m
2024-05-18 16:51:06:516 [31merror[39m: [31mENOENT: no such file or directory, open './storage/images/petition_3.jpg'[39m
2024-05-18 16:51:06:516 [31merror[39m: [31mENOENT: no such file or directory, open './storage/images/petition_11.png'[39m
2024-05-18 16:51:06:516 [31merror[39m: [31mENOENT: no such file or directory, open './storage/images/petition_12.png'[39m
2024-05-18 16:51:06:516 [31merror[39m: [31mENOENT: no such file or directory, open './storage/images/petition_5.png'[39m
2024-05-18 16:51:06:516 [31merror[39m: [31mENOENT: no such file or directory, open './storage/images/petition_13.png'[39m
2024-05-18 16:51:06:516 [31merror[39m: [31mENOENT: no such file or directory, open './storage/images/petition_14.png'[39m
2024-05-18 16:51:06:516 [31merror[39m: [31mENOENT: no such file or directory, open './storage/images/petition_15.png'[39m
2024-05-18 16:51:06:516 [31merror[39m: [31mENOENT: no such file or directory, open './storage/images/petition_16.png'[39m
2024-05-18 16:51:06:516 [31merror[39m: [31mENOENT: no such file or directory, open './storage/images/petition_17.png'[39m
2024-05-18 16:51:06:516 [31merror[39m: [31mENOENT: no such file or directory, open './storage/images/petition_18.png'[39m
2024-05-18 16:51:10:5110 [31merror[39m: [31mENOENT: no such file or directory, open './storage/images/petition_6.png'[39m
2024-05-18 16:51:10:5110 [31merror[39m: [31mENOENT: no such file or directory, open './storage/images/petition_1.png'[39m
2024-05-18 16:51:10:5110 [31merror[39m: [31mENOENT: no such file or directory, open './storage/images/petition_2.png'[39m
2024-05-18 16:51:10:5110 [31merror[39m: [31mENOENT: no such file or directory, open './storage/images/petition_7.png'[39m
2024-05-18 16:51:10:5110 [31merror[39m: [31mENOENT: no such file or directory, open './storage/images/petition_8.png'[39m
2024-05-18 16:51:10:5110 [31merror[39m: [31mENOENT: no such file or directory, open './storage/images/petition_4.png'[39m
2024-05-18 16:51:10:5110 [31merror[39m: [31mENOENT: no such file or directory, open './storage/images/petition_9.png'[39m
2024-05-18 16:51:10:5110 [31merror[39m: [31mENOENT: no such file or directory, open './storage/images/petition_10.png'[39m
2024-05-18 16:51:10:5110 [31merror[39m: [31mENOENT: no such file or directory, open './storage/images/petition_3.jpg'[39m
2024-05-18 16:51:10:5110 [31merror[39m: [31mENOENT: no such file or directory, open './storage/images/petition_3.jpg'[39m
2024-05-18 16:51:10:5110 [31merror[39m: [31mENOENT: no such file or directory, open './storage/images/petition_3.jpg'[39m
2024-05-18 16:51:10:5110 [31merror[39m: [31mENOENT: no such file or directory, open './storage/images/petition_11.png'[39m
2024-05-18 16:51:10:5110 [31merror[39m: [31mENOENT: no such file or directory, open './storage/images/petition_12.png'[39m
2024-05-18 16:51:10:5110 [31merror[39m: [31mENOENT: no such file or directory, open './storage/images/petition_5.png'[39m
2024-05-18 16:51:10:5110 [31merror[39m: [31mENOENT: no such file or directory, open './storage/images/petition_13.png'[39m
2024-05-18 16:51:10:5110 [31merror[39m: [31mENOENT: no such file or directory, open './storage/images/petition_14.png'[39m
2024-05-18 16:51:10:5110 [31merror[39m: [31mENOENT: no such file or directory, open './storage/images/petition_15.png'[39m
2024-05-18 16:51:10:5110 [31merror[39m: [31mENOENT: no such file or directory, open './storage/images/petition_16.png'[39m
2024-05-18 16:51:10:5110 [31merror[39m: [31mENOENT: no such file or directory, open './storage/images/petition_18.png'[39m
2024-05-18 16:51:10:5110 [31merror[39m: [31mENOENT: no such file or directory, open './storage/images/petition_17.png'[39m
2024-05-18 16:51:10:5110 [31merror[39m: [31mENOENT: no such file or directory, open './storage/images/petition_6.png'[39m
2024-05-18 16:51:10:5110 [31merror[39m: [31mENOENT: no such file or directory, open './storage/images/petition_1.png'[39m
2024-05-18 16:51:10:5110 [31merror[39m: [31mENOENT: no such file or directory, open './storage/images/petition_2.png'[39m
2024-05-18 16:51:10:5110 [31merror[39m: [31mENOENT: no such file or directory, open './storage/images/petition_7.png'[39m
2024-05-18 16:51:10:5110 [31merror[39m: [31mENOENT: no such file or directory, open './storage/images/petition_8.png'[39m
2024-05-18 16:51:10:5110 [31merror[39m: [31mENOENT: no such file or directory, open './storage/images/petition_9.png'[39m
2024-05-18 16:51:10:5110 [31merror[39m: [31mENOENT: no such file or directory, open './storage/images/petition_10.png'[39m
2024-05-18 16:51:10:5110 [31merror[39m: [31mENOENT: no such file or directory, open './storage/images/petition_4.png'[39m
2024-05-18 16:51:10:5110 [31merror[39m: [31mENOENT: no such file or directory, open './storage/images/petition_3.jpg'[39m
2024-05-18 16:51:10:5110 [31merror[39m: [31mENOENT: no such file or directory, open './storage/images/petition_3.jpg'[39m
2024-05-18 16:51:10:5110 [31merror[39m: [31mENOENT: no such file or directory, open './storage/images/petition_3.jpg'[39m
2024-05-18 16:51:10:5110 [31merror[39m: [31mENOENT: no such file or directory, open './storage/images/petition_11.png'[39m
2024-05-18 16:51:10:5110 [31merror[39m: [31mENOENT: no such file or directory, open './storage/images/petition_12.png'[39m
2024-05-18 16:51:10:5110 [31merror[39m: [31mENOENT: no such file or directory, open './storage/images/petition_5.png'[39m
2024-05-18 16:51:10:5110 [31merror[39m: [31mENOENT: no such file or directory, open './storage/images/petition_13.png'[39m
2024-05-18 16:51:10:5110 [31merror[39m: [31mENOENT: no such file or directory, open './storage/images/petition_14.png'[39m
2024-05-18 16:51:10:5110 [31merror[39m: [31mENOENT: no such file or directory, open './storage/images/petition_15.png'[39m
2024-05-18 16:51:10:5110 [31merror[39m: [31mENOENT: no such file or directory, open './storage/images/petition_16.png'[39m
2024-05-18 16:51:10:5110 [31merror[39m: [31mENOENT: no such file or directory, open './storage/images/petition_17.png'[39m
2024-05-18 16:51:10:5110 [31merror[39m: [31mENOENT: no such file or directory, open './storage/images/petition_18.png'[39m
2024-05-18 16:53:13:5313 [31merror[39m: [31mENOENT: no such file or directory, open './storage/images/petition_6.png'[39m
2024-05-18 16:53:13:5313 [31merror[39m: [31mENOENT: no such file or directory, open './storage/images/petition_6.png'[39m
2024-05-18 16:53:13:5313 [31merror[39m: [31mENOENT: no such file or directory, open './storage/images/petition_1.png'[39m
2024-05-18 16:53:13:5313 [31merror[39m: [31mENOENT: no such file or directory, open './storage/images/petition_2.png'[39m
2024-05-18 16:53:13:5313 [31merror[39m: [31mENOENT: no such file or directory, open './storage/images/petition_3.jpg'[39m
2024-05-18 16:53:13:5313 [31merror[39m: [31mENOENT: no such file or directory, open './storage/images/petition_7.png'[39m
2024-05-18 16:53:13:5313 [31merror[39m: [31mENOENT: no such file or directory, open './storage/images/petition_3.jpg'[39m
2024-05-18 16:53:13:5313 [31merror[39m: [31mENOENT: no such file or directory, open './storage/images/petition_3.jpg'[39m
2024-05-18 16:53:13:5313 [31merror[39m: [31mENOENT: no such file or directory, open './storage/images/petition_11.png'[39m
2024-05-18 16:53:13:5313 [31merror[39m: [31mENOENT: no such file or directory, open './storage/images/petition_12.png'[39m
2024-05-18 16:53:13:5313 [31merror[39m: [31mENOENT: no such file or directory, open './storage/images/petition_5.png'[39m
2024-05-18 16:53:13:5313 [31merror[39m: [31mENOENT: no such file or directory, open './storage/images/petition_13.png'[39m
2024-05-18 16:53:13:5313 [31merror[39m: [31mENOENT: no such file or directory, open './storage/images/petition_14.png'[39m
2024-05-18 16:53:13:5313 [31merror[39m: [31mENOENT: no such file or directory, open './storage/images/petition_15.png'[39m
2024-05-18 16:53:13:5313 [31merror[39m: [31mENOENT: no such file or directory, open './storage/images/petition_16.png'[39m
2024-05-18 16:53:13:5313 [31merror[39m: [31mENOENT: no such file or directory, open './storage/images/petition_17.png'[39m
2024-05-18 16:53:13:5313 [31merror[39m: [31mENOENT: no such file or directory, open './storage/images/petition_18.png'[39m
2024-05-18 16:53:13:5313 [31merror[39m: [31mENOENT: no such file or directory, open './storage/images/petition_8.png'[39m
2024-05-18 16:53:13:5313 [31merror[39m: [31mENOENT: no such file or directory, open './storage/images/petition_4.png'[39m
2024-05-18 16:53:13:5313 [31merror[39m: [31mENOENT: no such file or directory, open './storage/images/petition_10.png'[39m
2024-05-18 16:53:13:5313 [31merror[39m: [31mENOENT: no such file or directory, open './storage/images/petition_9.png'[39m
2024-05-18 16:53:35:5335 [31merror[39m: [31mENOENT: no such file or directory, open './storage/images/petition_6.png'[39m
2024-05-18 16:53:35:5335 [31merror[39m: [31mENOENT: no such file or directory, open './storage/images/petition_1.png'[39m
2024-05-18 16:53:35:5335 [31merror[39m: [31mENOENT: no such file or directory, open './storage/images/petition_2.png'[39m
2024-05-18 16:53:35:5335 [31merror[39m: [31mENOENT: no such file or directory, open './storage/images/petition_7.png'[39m
2024-05-18 16:53:35:5335 [31merror[39m: [31mENOENT: no such file or directory, open './storage/images/petition_8.png'[39m
2024-05-18 16:53:35:5335 [31merror[39m: [31mENOENT: no such file or directory, open './storage/images/petition_4.png'[39m
2024-05-18 16:53:35:5335 [31merror[39m: [31mENOENT: no such file or directory, open './storage/images/petition_9.png'[39m
2024-05-18 16:53:35:5335 [31merror[39m: [31mENOENT: no such file or directory, open './storage/images/petition_10.png'[39m
2024-05-18 16:53:35:5335 [31merror[39m: [31mENOENT: no such file or directory, open './storage/images/petition_3.jpg'[39m
2024-05-18 16:53:35:5335 [31merror[39m: [31mENOENT: no such file or directory, open './storage/images/petition_6.png'[39m
2024-05-18 16:53:35:5335 [31merror[39m: [31mENOENT: no such file or directory, open './storage/images/petition_1.png'[39m
2024-05-18 16:53:35:5335 [31merror[39m: [31mENOENT: no such file or directory, open './storage/images/petition_2.png'[39m
2024-05-18 16:53:35:5335 [31merror[39m: [31mENOENT: no such file or directory, open './storage/images/petition_7.png'[39m
2024-05-18 16:53:35:5335 [31merror[39m: [31mENOENT: no such file or directory, open './storage/images/petition_8.png'[39m
2024-05-18 16:53:35:5335 [31merror[39m: [31mENOENT: no such file or directory, open './storage/images/petition_3.jpg'[39m
2024-05-18 16:53:35:5335 [31merror[39m: [31mENOENT: no such file or directory, open './storage/images/petition_11.png'[39m
2024-05-18 16:53:35:5335 [31merror[39m: [31mENOENT: no such file or directory, open './storage/images/petition_12.png'[39m
2024-05-18 16:53:35:5335 [31merror[39m: [31mENOENT: no such file or directory, open './storage/images/petition_4.png'[39m
2024-05-18 16:53:35:5335 [31merror[39m: [31mENOENT: no such file or directory, open './storage/images/petition_9.png'[39m
2024-05-18 16:53:35:5335 [31merror[39m: [31mENOENT: no such file or directory, open './storage/images/petition_10.png'[39m
2024-05-18 16:53:35:5335 [31merror[39m: [31mENOENT: no such file or directory, open './storage/images/petition_3.jpg'[39m
2024-05-18 16:53:35:5335 [31merror[39m: [31mENOENT: no such file or directory, open './storage/images/petition_3.jpg'[39m
2024-05-18 16:53:35:5335 [31merror[39m: [31mENOENT: no such file or directory, open './storage/images/petition_5.png'[39m
2024-05-18 16:53:35:5335 [31merror[39m: [31mENOENT: no such file or directory, open './storage/images/petition_13.png'[39m
2024-05-18 16:53:35:5335 [31merror[39m: [31mENOENT: no such file or directory, open './storage/images/petition_14.png'[39m
2024-05-18 16:53:35:5335 [31merror[39m: [31mENOENT: no such file or directory, open './storage/images/petition_15.png'[39m
2024-05-18 16:53:35:5335 [31merror[39m: [31mENOENT: no such file or directory, open './storage/images/petition_16.png'[39m
2024-05-18 16:53:35:5335 [31merror[39m: [31mENOENT: no such file or directory, open './storage/images/petition_17.png'[39m
2024-05-18 16:53:35:5335 [31merror[39m: [31mENOENT: no such file or directory, open './storage/images/petition_18.png'[39m
2024-05-18 17:26:22:2622 [31merror[39m: [31mENOENT: no such file or directory, open './storage/images/user_11.jpg'[39m
2024-05-18 17:36:08:368 [31merror[39m: [31mENOENT: no such file or directory, open './storage/images/user_11.jpg'[39m
2024-05-18 17:36:13:3613 [31merror[39m: [31mENOENT: no such file or directory, open './storage/images/user_11.jpg'[39m
2024-05-18 17:36:13:3613 [31merror[39m: [31mENOENT: no such file or directory, open './storage/images/user_11.jpg'[39m
2024-05-18 17:40:17:4017 [31merror[39m: [31mENOENT: no such file or directory, open './storage/images/user_11.jpg'[39m
2024-05-18 17:41:13:4113 [31merror[39m: [31mENOENT: no such file or directory, open './storage/images/user_11.jpg'[39m
2024-05-18 17:41:54:4154 [31merror[39m: [31mENOENT: no such file or directory, open './storage/images/user_11.jpg'[39m
2024-05-18 17:44:39:4439 [31merror[39m: [31mENOENT: no such file or directory, open './storage/images/user_11.jpg'[39m
2024-05-18 17:44:39:4439 [31merror[39m: [31mENOENT: no such file or directory, open './storage/images/user_11.jpg'[39m
2024-05-18 17:45:59:4559 [31merror[39m: [31mENOENT: no such file or directory, open './storage/images/user_11.jpg'[39m
2024-05-18 17:45:59:4559 [31merror[39m: [31mENOENT: no such file or directory, open './storage/images/user_11.jpg'[39m
2024-05-18 17:46:42:4642 [31merror[39m: [31mENOENT: no such file or directory, open './storage/images/user_11.jpg'[39m
2024-05-18 17:46:42:4642 [31merror[39m: [31mENOENT: no such file or directory, open './storage/images/user_11.jpg'[39m
2024-05-18 17:47:04:474 [31merror[39m: [31mENOENT: no such file or directory, open './storage/images/user_11.jpg'[39m
2024-05-18 17:47:04:474 [31merror[39m: [31mENOENT: no such file or directory, open './storage/images/user_11.jpg'[39m
2024-05-18 17:47:51:4751 [31merror[39m: [31mENOENT: no such file or directory, open './storage/images/user_11.jpg'[39m
2024-05-18 17:47:51:4751 [31merror[39m: [31mENOENT: no such file or directory, open './storage/images/user_11.jpg'[39m
2024-05-18 17:49:48:4948 [31merror[39m: [31mENOENT: no such file or directory, open './storage/images/user_11.jpg'[39m
2024-05-18 17:51:20:5120 [31merror[39m: [31mENOENT: no such file or directory, open './storage/images/user_11.jpg'[39m
2024-05-18 17:52:36:5236 [31merror[39m: [31mENOENT: no such file or directory, open './storage/images/user_11.jpg'[39m
2024-05-18 17:52:36:5236 [31merror[39m: [31mENOENT: no such file or directory, open './storage/images/user_11.jpg'[39m
2024-05-18 17:55:13:5513 [31merror[39m: [31mENOENT: no such file or directory, open './storage/images/user_11.jpg'[39m
2024-05-18 17:55:39:5539 [31merror[39m: [31mENOENT: no such file or directory, open './storage/images/user_11.jpg'[39m
2024-05-18 17:55:39:5539 [31merror[39m: [31mENOENT: no such file or directory, open './storage/images/user_11.jpg'[39m
2024-05-18 17:56:31:5631 [31merror[39m: [31mENOENT: no such file or directory, open './storage/images/user_11.jpg'[39m
2024-05-18 17:56:31:5631 [31merror[39m: [31mENOENT: no such file or directory, open './storage/images/user_11.jpg'[39m
2024-05-18 17:56:45:5645 [31merror[39m: [31mENOENT: no such file or directory, open './storage/images/user_11.jpg'[39m
2024-05-18 17:56:45:5645 [31merror[39m: [31mENOENT: no such file or directory, open './storage/images/user_11.jpg'[39m
2024-05-18 17:56:51:5651 [31merror[39m: [31mENOENT: no such file or directory, open './storage/images/user_11.jpg'[39m
2024-05-18 17:57:51:5751 [31merror[39m: [31mENOENT: no such file or directory, open './storage/images/user_11.jpg'[39m
2024-05-18 17:57:51:5751 [31merror[39m: [31mENOENT: no such file or directory, open './storage/images/user_11.jpg'[39m
2024-05-18 18:09:53:953 [31merror[39m: [31mENOENT: no such file or directory, open './storage/images/user_11.jpg'[39m
2024-05-18 18:10:08:108 [31merror[39m: [31mENOENT: no such file or directory, open './storage/images/user_11.jpg'[39m
2024-05-18 18:10:08:108 [31merror[39m: [31mENOENT: no such file or directory, open './storage/images/user_11.jpg'[39m
2024-05-18 18:13:54:1354 [31merror[39m: [31mENOENT: no such file or directory, open './storage/images/user_11.jpg'[39m
2024-05-18 18:15:06:156 [31merror[39m: [31mENOENT: no such file or directory, open './storage/images/user_11.jpg'[39m
2024-05-18 18:15:06:156 [31merror[39m: [31mENOENT: no such file or directory, open './storage/images/user_11.jpg'[39m
2024-05-18 18:20:05:205 [31merror[39m: [31mENOENT: no such file or directory, open './storage/images/user_11.jpg'[39m
2024-05-18 18:44:56:4456 [31merror[39m: [31mENOENT: no such file or directory, open './storage/images/user_11.jpg'[39m
2024-05-18 18:44:56:4456 [31merror[39m: [31mENOENT: no such file or directory, open './storage/images/user_11.jpg'[39m
2024-05-18 18:44:59:4459 [31merror[39m: [31mENOENT: no such file or directory, open './storage/images/user_11.jpg'[39m
2024-05-18 18:44:59:4459 [31merror[39m: [31mENOENT: no such file or directory, open './storage/images/user_11.jpg'[39m
2024-05-18 18:45:01:451 [31merror[39m: [31mENOENT: no such file or directory, open './storage/images/user_11.jpg'[39m
2024-05-18 18:45:01:451 [31merror[39m: [31mENOENT: no such file or directory, open './storage/images/user_11.jpg'[39m
2024-05-18 18:46:20:4620 [31merror[39m: [31mENOENT: no such file or directory, open './storage/images/user_11.jpg'[39m
2024-05-18 18:46:20:4620 [31merror[39m: [31mENOENT: no such file or directory, open './storage/images/user_11.jpg'[39m
2024-05-18 19:05:22:522 [31merror[39m: [31mENOENT: no such file or directory, open './storage/images/user_11.jpg'[39m
2024-05-18 19:05:22:522 [31merror[39m: [31mENOENT: no such file or directory, open './storage/images/user_11.jpg'[39m
2024-05-18 19:06:21:621 [31merror[39m: [31mENOENT: no such file or directory, open './storage/images/user_11.jpg'[39m
2024-05-18 19:06:21:621 [31merror[39m: [31mENOENT: no such file or directory, open './storage/images/user_11.jpg'[39m
2024-05-18 19:06:31:631 [31merror[39m: [31mENOENT: no such file or directory, open './storage/images/user_11.jpg'[39m
2024-05-18 19:07:19:719 [31merror[39m: [31mENOENT: no such file or directory, open './storage/images/user_11.jpg'[39m
2024-05-20 13:04:44:444 [31merror[39m: [31mENOENT: no such file or directory, open './storage/images/user_11.jpg'[39m
2024-05-20 13:06:38:638 [31merror[39m: [31mENOENT: no such file or directory, open './storage/images/user_11.jpg'[39m
2024-05-20 13:06:38:638 [31merror[39m: [31mENOENT: no such file or directory, open './storage/images/user_11.jpg'[39m
2024-05-20 13:06:39:639 [31merror[39m: [31mENOENT: no such file or directory, open './storage/images/user_11.jpg'[39m
2024-05-20 13:08:24:824 [31merror[39m: [31mENOENT: no such file or directory, open './storage/images/user_11.jpg'[39m
2024-05-20 13:09:40:940 [31merror[39m: [31mENOENT: no such file or directory, open './storage/images/user_11.jpg'[39m
2024-05-20 13:10:05:105 [31merror[39m: [31mENOENT: no such file or directory, open './storage/images/user_11.jpg'[39m
2024-05-20 13:14:11:1411 [31merror[39m: [31mENOENT: no such file or directory, open './storage/images/user_11.jpg'[39m
2024-05-20 13:18:03:183 [31merror[39m: [31mENOENT: no such file or directory, open './storage/images/user_11.jpg'[39m
2024-05-20 13:22:20:2220 [31merror[39m: [31mENOENT: no such file or directory, open './storage/images/user_11.jpg'[39m
2024-05-20 13:22:20:2220 [31merror[39m: [31mENOENT: no such file or directory, open './storage/images/user_11.jpg'[39m
2024-05-20 13:30:52:3052 [31merror[39m: [31mENOENT: no such file or directory, open './storage/images/user_11.jpg'[39m
2024-05-20 13:33:55:3355 [31merror[39m: [31mENOENT: no such file or directory, open './storage/images/user_11.jpg'[39m
2024-05-20 13:54:19:5419 [31merror[39m: [31mENOENT: no such file or directory, open './storage/images/user_11.jpg'[39m
2024-05-20 13:54:19:5419 [31merror[39m: [31mENOENT: no such file or directory, open './storage/images/user_11.jpg'[39m
2024-05-20 13:54:46:5446 [31merror[39m: [31mENOENT: no such file or directory, open './storage/images/user_11.jpg'[39m
2024-05-20 13:54:46:5446 [31merror[39m: [31mENOENT: no such file or directory, open './storage/images/user_11.jpg'[39m
2024-05-20 13:54:52:5452 [31merror[39m: [31mENOENT: no such file or directory, open './storage/images/user_11.jpg'[39m
2024-05-20 13:54:52:5452 [31merror[39m: [31mENOENT: no such file or directory, open './storage/images/user_11.jpg'[39m
2024-05-20 14:18:48:1848 [31merror[39m: [31mENOENT: no such file or directory, open './storage/images/user_11.jpg'[39m
2024-05-20 14:18:48:1848 [31merror[39m: [31mENOENT: no such file or directory, open './storage/images/user_11.jpg'[39m
2024-05-20 14:42:49:4249 [31merror[39m: [31mENOENT: no such file or directory, open './storage/images/user_11.jpg'[39m
2024-05-20 14:42:49:4249 [31merror[39m: [31mENOENT: no such file or directory, open './storage/images/user_11.jpg'[39m
2024-05-20 15:05:02:52 [31merror[39m: [31mENOENT: no such file or directory, open './storage/images/user_11.jpg'[39m
2024-05-20 15:05:02:52 [31merror[39m: [31mENOENT: no such file or directory, open './storage/images/user_11.jpg'[39m
2024-05-20 15:05:15:515 [31merror[39m: [31mENOENT: no such file or directory, open './storage/images/user_11.jpg'[39m
2024-05-20 15:05:15:515 [31merror[39m: [31mENOENT: no such file or directory, open './storage/images/user_11.jpg'[39m
2024-05-20 15:05:31:531 [31merror[39m: [31mENOENT: no such file or directory, open './storage/images/user_11.jpg'[39m
2024-05-20 15:05:31:531 [31merror[39m: [31mENOENT: no such file or directory, open './storage/images/user_11.jpg'[39m
2024-05-20 15:23:19:2319 [31merror[39m: [31mENOENT: no such file or directory, open './storage/images/user_11.jpg'[39m
2024-05-20 15:23:19:2319 [31merror[39m: [31mENOENT: no such file or directory, open './storage/images/user_11.jpg'[39m
2024-05-20 15:23:21:2321 [31merror[39m: [31mENOENT: no such file or directory, open './storage/images/user_11.jpg'[39m
2024-05-20 15:23:21:2321 [31merror[39m: [31mENOENT: no such file or directory, open './storage/images/user_11.jpg'[39m
2024-05-20 15:23:23:2323 [31merror[39m: [31mENOENT: no such file or directory, open './storage/images/user_11.jpg'[39m
2024-05-20 15:23:23:2323 [31merror[39m: [31mENOENT: no such file or directory, open './storage/images/user_11.jpg'[39m
2024-05-20 15:23:25:2325 [31merror[39m: [31mENOENT: no such file or directory, open './storage/images/user_11.jpg'[39m
2024-05-20 15:23:25:2325 [31merror[39m: [31mENOENT: no such file or directory, open './storage/images/user_11.jpg'[39m
2024-05-20 15:23:36:2336 [31merror[39m: [31mENOENT: no such file or directory, open './storage/images/user_11.jpg'[39m
2024-05-20 15:23:36:2336 [31merror[39m: [31mENOENT: no such file or directory, open './storage/images/user_11.jpg'[39m
2024-05-20 15:23:42:2342 [31merror[39m: [31mENOENT: no such file or directory, open './storage/images/user_11.jpg'[39m
2024-05-20 15:23:42:2342 [31merror[39m: [31mENOENT: no such file or directory, open './storage/images/user_11.jpg'[39m
2024-05-20 15:24:21:2421 [31merror[39m: [31mENOENT: no such file or directory, open './storage/images/user_11.jpg'[39m
2024-05-20 15:24:23:2423 [31merror[39m: [31mENOENT: no such file or directory, open './storage/images/user_11.jpg'[39m
2024-05-20 15:24:23:2423 [31merror[39m: [31mENOENT: no such file or directory, open './storage/images/user_11.jpg'[39m
2024-05-20 15:24:43:2443 [31merror[39m: [31mENOENT: no such file or directory, open './storage/images/user_11.jpg'[39m
2024-05-20 15:24:43:2443 [31merror[39m: [31mENOENT: no such file or directory, open './storage/images/user_11.jpg'[39m
2024-05-20 15:24:45:2445 [31merror[39m: [31mENOENT: no such file or directory, open './storage/images/user_11.jpg'[39m
2024-05-20 15:24:45:2445 [31merror[39m: [31mENOENT: no such file or directory, open './storage/images/user_11.jpg'[39m
2024-05-20 15:25:15:2515 [31merror[39m: [31mENOENT: no such file or directory, open './storage/images/user_11.jpg'[39m
2024-05-20 15:26:45:2645 [31merror[39m: [31mENOENT: no such file or directory, open './storage/images/user_11.jpg'[39m
2024-05-20 15:26:57:2657 [31merror[39m: [31mENOENT: no such file or directory, open './storage/images/user_11.jpg'[39m
2024-05-20 15:26:57:2657 [31merror[39m: [31mENOENT: no such file or directory, open './storage/images/user_11.jpg'[39m
2024-05-20 15:26:59:2659 [31merror[39m: [31mENOENT: no such file or directory, open './storage/images/user_11.jpg'[39m
2024-05-20 15:26:59:2659 [31merror[39m: [31mENOENT: no such file or directory, open './storage/images/user_11.jpg'[39m
2024-05-20 15:28:55:2855 [31merror[39m: [31mENOENT: no such file or directory, open './storage/images/user_11.jpg'[39m
2024-05-20 15:28:55:2855 [31merror[39m: [31mENOENT: no such file or directory, open './storage/images/user_11.jpg'[39m
2024-05-20 15:29:00:290 [31merror[39m: [31mENOENT: no such file or directory, open './storage/images/user_11.jpg'[39m
2024-05-20 15:29:00:290 [31merror[39m: [31mENOENT: no such file or directory, open './storage/images/user_11.jpg'[39m
2024-05-20 15:29:04:294 [31merror[39m: [31mENOENT: no such file or directory, open './storage/images/user_11.jpg'[39m
2024-05-20 15:29:04:294 [31merror[39m: [31mENOENT: no such file or directory, open './storage/images/user_11.jpg'[39m
2024-05-20 15:29:09:299 [31merror[39m: [31mENOENT: no such file or directory, open './storage/images/user_11.jpg'[39m
2024-05-20 15:29:09:299 [31merror[39m: [31mENOENT: no such file or directory, open './storage/images/user_11.jpg'[39m
2024-05-20 15:29:46:2946 [31merror[39m: [31mENOENT: no such file or directory, open './storage/images/user_11.jpg'[39m
2024-05-20 15:29:46:2946 [31merror[39m: [31mENOENT: no such file or directory, open './storage/images/user_11.jpg'[39m
2024-05-20 15:29:47:2947 [31merror[39m: [31mENOENT: no such file or directory, open './storage/images/user_11.jpg'[39m
2024-05-20 15:29:47:2947 [31merror[39m: [31mENOENT: no such file or directory, open './storage/images/user_11.jpg'[39m
2024-05-20 15:31:01:311 [31merror[39m: [31mENOENT: no such file or directory, open './storage/images/user_11.jpg'[39m
2024-05-20 15:31:22:3122 [31merror[39m: [31mENOENT: no such file or directory, open './storage/images/user_11.jpg'[39m
2024-05-20 15:31:22:3122 [31merror[39m: [31mENOENT: no such file or directory, open './storage/images/user_11.jpg'[39m
2024-05-20 15:31:24:3124 [31merror[39m: [31mENOENT: no such file or directory, open './storage/images/user_11.jpg'[39m
2024-05-20 15:31:24:3124 [31merror[39m: [31mENOENT: no such file or directory, open './storage/images/user_11.jpg'[39m
2024-05-20 15:31:50:3150 [31merror[39m: [31mENOENT: no such file or directory, open './storage/images/user_11.jpg'[39m
2024-05-20 15:31:50:3150 [31merror[39m: [31mENOENT: no such file or directory, open './storage/images/user_11.jpg'[39m
2024-05-20 15:32:05:325 [31merror[39m: [31mENOENT: no such file or directory, open './storage/images/user_11.jpg'[39m
2024-05-20 15:32:05:325 [31merror[39m: [31mENOENT: no such file or directory, open './storage/images/user_11.jpg'[39m
2024-05-20 15:32:06:326 [31merror[39m: [31mENOENT: no such file or directory, open './storage/images/user_11.jpg'[39m
2024-05-20 15:32:06:326 [31merror[39m: [31mENOENT: no such file or directory, open './storage/images/user_11.jpg'[39m
2024-05-20 15:32:47:3247 [31merror[39m: [31mENOENT: no such file or directory, open './storage/images/user_11.jpg'[39m
2024-05-20 15:32:47:3247 [31merror[39m: [31mENOENT: no such file or directory, open './storage/images/user_11.jpg'[39m
2024-05-20 15:33:44:3344 [31merror[39m: [31mENOENT: no such file or directory, open './storage/images/user_11.jpg'[39m
2024-05-20 15:33:56:3356 [31merror[39m: [31mENOENT: no such file or directory, open './storage/images/user_11.jpg'[39m
2024-05-20 15:33:56:3356 [31merror[39m: [31mENOENT: no such file or directory, open './storage/images/user_11.jpg'[39m
2024-05-20 15:33:59:3359 [31merror[39m: [31mENOENT: no such file or directory, open './storage/images/user_11.jpg'[39m
2024-05-20 15:33:59:3359 [31merror[39m: [31mENOENT: no such file or directory, open './storage/images/user_11.jpg'[39m
2024-05-20 15:35:26:3526 [31merror[39m: [31mENOENT: no such file or directory, open './storage/images/user_11.jpg'[39m
2024-05-20 15:35:26:3526 [31merror[39m: [31mENOENT: no such file or directory, open './storage/images/user_11.jpg'[39m
2024-05-20 15:40:15:4015 [31merror[39m: [31mENOENT: no such file or directory, open './storage/images/user_11.jpg'[39m
2024-05-20 15:40:16:4016 [31merror[39m: [31mENOENT: no such file or directory, open './storage/images/user_11.jpg'[39m
2024-05-20 15:40:16:4016 [31merror[39m: [31mENOENT: no such file or directory, open './storage/images/user_11.jpg'[39m
2024-05-20 15:40:18:4018 [31merror[39m: [31mENOENT: no such file or directory, open './storage/images/user_11.jpg'[39m
2024-05-20 15:40:19:4019 [31merror[39m: [31mENOENT: no such file or directory, open './storage/images/user_11.jpg'[39m
2024-05-20 15:40:19:4019 [31merror[39m: [31mENOENT: no such file or directory, open './storage/images/user_11.jpg'[39m
2024-05-20 15:40:48:4048 [31merror[39m: [31mENOENT: no such file or directory, open './storage/images/user_11.jpg'[39m
2024-05-20 15:51:34:5134 [31merror[39m: [31mENOENT: no such file or directory, open './storage/images/user_11.jpg'[39m
2024-05-20 15:55:18:5518 [31merror[39m: [31mENOENT: no such file or directory, open './storage/images/user_11.jpg'[39m
2024-05-20 15:55:18:5518 [31merror[39m: [31mENOENT: no such file or directory, open './storage/images/user_11.jpg'[39m
2024-05-20 15:55:31:5531 [31merror[39m: [31mENOENT: no such file or directory, open './storage/images/user_11.jpg'[39m
2024-05-20 15:55:31:5531 [31merror[39m: [31mENOENT: no such file or directory, open './storage/images/user_11.jpg'[39m
2024-05-20 15:55:44:5544 [31merror[39m: [31mENOENT: no such file or directory, open './storage/images/user_11.jpg'[39m
2024-05-20 15:55:44:5544 [31merror[39m: [31mENOENT: no such file or directory, open './storage/images/user_11.jpg'[39m
2024-05-20 16:14:37:1437 [31merror[39m: [31mENOENT: no such file or directory, open './storage/images/user_11.jpg'[39m
2024-05-20 16:14:37:1437 [31merror[39m: [31mENOENT: no such file or directory, open './storage/images/user_11.jpg'[39m
2024-05-20 16:14:43:1443 [31merror[39m: [31mENOENT: no such file or directory, open './storage/images/user_11.jpg'[39m
2024-05-20 16:14:43:1443 [31merror[39m: [31mENOENT: no such file or directory, open './storage/images/user_11.jpg'[39m
2024-05-20 16:14:46:1446 [31merror[39m: [31mENOENT: no such file or directory, open './storage/images/user_11.jpg'[39m
2024-05-20 16:14:46:1446 [31merror[39m: [31mENOENT: no such file or directory, open './storage/images/user_11.jpg'[39m
2024-05-20 16:20:21:2021 [31merror[39m: [31mENOENT: no such file or directory, open './storage/images/user_11.jpg'[39m
2024-05-20 16:20:24:2024 [31merror[39m: [31mENOENT: no such file or directory, open './storage/images/user_11.jpg'[39m
2024-05-20 16:20:24:2024 [31merror[39m: [31mENOENT: no such file or directory, open './storage/images/user_11.jpg'[39m
2024-05-20 16:20:49:2049 [31merror[39m: [31mENOENT: no such file or directory, open './storage/images/user_11.jpg'[39m
2024-05-20 16:20:49:2049 [31merror[39m: [31mENOENT: no such file or directory, open './storage/images/user_11.jpg'[39m
2024-05-20 16:22:22:2222 [31merror[39m: [31mENOENT: no such file or directory, open './storage/images/user_11.jpg'[39m
2024-05-20 16:25:18:2518 [31merror[39m: [31mENOENT: no such file or directory, open './storage/images/user_11.jpg'[39m
2024-05-20 16:25:18:2518 [31merror[39m: [31mENOENT: no such file or directory, open './storage/images/user_11.jpg'[39m
2024-05-20 16:25:43:2543 [31merror[39m: [31mENOENT: no such file or directory, open './storage/images/user_11.jpg'[39m
2024-05-20 16:25:43:2543 [31merror[39m: [31mENOENT: no such file or directory, open './storage/images/user_11.jpg'[39m
2024-05-20 16:34:30:3430 [31merror[39m: [31mENOENT: no such file or directory, open './storage/images/user_11.jpg'[39m
2024-05-20 16:34:42:3442 [31merror[39m: [31mENOENT: no such file or directory, open './storage/images/user_11.jpg'[39m
2024-05-20 16:34:45:3445 [31merror[39m: [31mENOENT: no such file or directory, open './storage/images/user_11.jpg'[39m
2024-05-20 16:34:45:3445 [31merror[39m: [31mENOENT: no such file or directory, open './storage/images/user_11.jpg'[39m
2024-05-20 16:34:51:3451 [31merror[39m: [31mENOENT: no such file or directory, open './storage/images/user_11.jpg'[39m
2024-05-20 16:34:59:3459 [31merror[39m: [31mENOENT: no such file or directory, open './storage/images/user_11.jpg'[39m
2024-05-20 16:34:59:3459 [31merror[39m: [31mENOENT: no such file or directory, open './storage/images/user_11.jpg'[39m
2024-05-20 16:35:05:355 [31merror[39m: [31mENOENT: no such file or directory, open './storage/images/user_11.jpg'[39m
2024-05-20 16:35:05:355 [31merror[39m: [31mENOENT: no such file or directory, open './storage/images/user_11.jpg'[39m
2024-05-20 16:35:22:3522 [31merror[39m: [31mENOENT: no such file or directory, open './storage/images/user_11.jpg'[39m
2024-05-20 16:35:22:3522 [31merror[39m: [31mENOENT: no such file or directory, open './storage/images/user_11.jpg'[39m
2024-05-20 16:35:35:3535 [31merror[39m: [31mENOENT: no such file or directory, open './storage/images/user_11.jpg'[39m
2024-05-20 16:35:43:3543 [31merror[39m: [31mENOENT: no such file or directory, open './storage/images/user_11.jpg'[39m
2024-05-20 16:35:43:3543 [31merror[39m: [31mENOENT: no such file or directory, open './storage/images/user_11.jpg'[39m
2024-05-20 16:35:50:3550 [31merror[39m: [31mENOENT: no such file or directory, open './storage/images/user_11.jpg'[39m
2024-05-20 16:35:50:3550 [31merror[39m: [31mENOENT: no such file or directory, open './storage/images/user_11.jpg'[39m
2024-05-20 17:51:58:5158 [31merror[39m: [31mDuplicate entry 'dvfasdsf@gmail.com' for key 'unique_key'[39m
2024-05-20 17:52:27:5227 [31merror[39m: [31mDuplicate entry 'aaaaaaaaaaa@gmail.com' for key 'unique_key'[39m
2024-05-20 17:52:27:5227 [31merror[39m: [31mDuplicate entry 'aaaaaaaaaaa@gmail.com' for key 'unique_key'[39m
2024-05-20 17:52:27:5227 [31merror[39m: [31mDuplicate entry 'aaaaaaaaaaa@gmail.com' for key 'unique_key'[39m
2024-05-20 17:52:27:5227 [31merror[39m: [31mDuplicate entry 'aaaaaaaaaaa@gmail.com' for key 'unique_key'[39m
2024-05-20 17:52:27:5227 [31merror[39m: [31mDuplicate entry 'aaaaaaaaaaa@gmail.com' for key 'unique_key'[39m
2024-05-20 17:54:02:542 [31merror[39m: [31mDuplicate entry 'aaaaaaaaaaa@gmail.com' for key 'unique_key'[39m
2024-05-20 17:54:03:543 [31merror[39m: [31mDuplicate entry 'aaaaaaaaaaa@gmail.com' for key 'unique_key'[39m
2024-05-20 17:54:03:543 [31merror[39m: [31mDuplicate entry 'aaaaaaaaaaa@gmail.com' for key 'unique_key'[39m
2024-05-20 17:54:03:543 [31merror[39m: [31mDuplicate entry 'aaaaaaaaaaa@gmail.com' for key 'unique_key'[39m
2024-05-20 17:54:03:543 [31merror[39m: [31mDuplicate entry 'aaaaaaaaaaa@gmail.com' for key 'unique_key'[39m
2024-05-20 17:54:03:543 [31merror[39m: [31mDuplicate entry 'aaaaaaaaaaa@gmail.com' for key 'unique_key'[39m
2024-05-20 17:54:03:543 [31merror[39m: [31mDuplicate entry 'aaaaaaaaaaa@gmail.com' for key 'unique_key'[39m
2024-05-20 18:43:39:4339 [31merror[39m: [31mDuplicate entry 'assfdasadf@gmail.com' for key 'unique_key'[39m
2024-05-20 18:45:06:456 [31merror[39m: [31mDuplicate entry 'assfdasadf@gmail.com' for key 'unique_key'[39m
2024-05-20 18:45:25:4525 [31merror[39m: [31mDuplicate entry 'assfdasadf@gmail.com' for key 'unique_key'[39m
2024-05-20 18:45:56:4556 [31merror[39m: [31mDuplicate entry 'assfdasadf@gmail.com' for key 'unique_key'[39m
2024-05-20 18:46:34:4634 [31merror[39m: [31mDuplicate entry 'assfdasadf@gmail.com' for key 'unique_key'[39m
2024-05-20 18:50:41:5041 [31merror[39m: [31mDuplicate entry 'asdnb@gmail.com' for key 'unique_key'[39m
2024-05-20 18:50:45:5045 [31merror[39m: [31mDuplicate entry 'asdnb@gmail.com' for key 'unique_key'[39m
2024-05-20 18:50:45:5045 [31merror[39m: [31mDuplicate entry 'asdnb@gmail.com' for key 'unique_key'[39m
2024-05-20 18:51:05:515 [31merror[39m: [31mDuplicate entry 'asdnb@gmail.com' for key 'unique_key'[39m
2024-05-20 19:46:36:4636 [31merror[39m: [31mDuplicate entry 'asdfsa@gmail.com' for key 'unique_key'[39m
2024-05-20 19:46:52:4652 [31merror[39m: [31mDuplicate entry 'asdfaasdfafdsdsaf@gmail.com' for key 'unique_key'[39m
2024-05-20 19:48:58:4858 [31merror[39m: [31mDuplicate entry 'asdfaasdfafdsdsaf@gmail.com' for key 'unique_key'[39m
2024-05-20 20:08:26:826 [31merror[39m: [31mENOENT: no such file or directory, open './storage/images/user_11.jpg'[39m
2024-05-20 20:08:26:826 [31merror[39m: [31mENOENT: no such file or directory, open './storage/images/user_11.jpg'[39m
2024-05-20 20:12:53:1253 [31merror[39m: [31mENOENT: no such file or directory, open './storage/images/user_11.jpg'[39m
2024-05-20 20:14:39:1439 [31merror[39m: [31mENOENT: no such file or directory, open './storage/images/user_11.jpg'[39m
2024-05-20 21:37:06:376 [31merror[39m: [31mENOENT: no such file or directory, open './storage/images/user_11.jpg'[39m
2024-05-20 21:45:01:451 [31merror[39m: [31mENOENT: no such file or directory, open './storage/images/user_11.jpg'[39m
2024-05-20 21:45:01:451 [31merror[39m: [31mENOENT: no such file or directory, open './storage/images/user_11.jpg'[39m
2024-05-20 22:13:56:1356 [31merror[39m: [31mDuplicate entry 'asdfasdf@gmail.com' for key 'unique_key'[39m
2024-05-20 22:14:02:142 [31merror[39m: [31mDuplicate entry 'asdfasdf@gmail.com' for key 'unique_key'[39m
2024-05-20 22:38:05:385 [31merror[39m: [31mENOENT: no such file or directory, open './storage/images/user_11.jpg'[39m
2024-05-20 22:38:05:385 [31merror[39m: [31mENOENT: no such file or directory, open './storage/images/user_11.jpg'[39m
2024-05-20 22:52:42:5242 [31merror[39m: [31mENOENT: no such file or directory, open './storage/images/user_11.jpg'[39m
2024-05-20 22:52:50:5250 [31merror[39m: [31mENOENT: no such file or directory, open './storage/images/user_11.jpg'[39m
2024-05-20 23:00:29:029 [31merror[39m: [31mENOENT: no such file or directory, open './storage/images/user_11.jpg'[39m
2024-05-20 23:00:29:029 [31merror[39m: [31mENOENT: no such file or directory, open './storage/images/user_11.jpg'[39m
2024-05-20 23:00:40:040 [31merror[39m: [31mENOENT: no such file or directory, open './storage/images/user_11.jpg'[39m
2024-05-20 23:00:40:040 [31merror[39m: [31mENOENT: no such file or directory, open './storage/images/user_11.jpg'[39m
2024-05-21 10:30:41:3041 [31merror[39m: [31mENOENT: no such file or directory, open './storage/images/user_11.jpg'[39m
2024-05-21 10:30:48:3048 [31merror[39m: [31mENOENT: no such file or directory, open './storage/images/user_11.jpg'[39m
2024-05-21 10:30:48:3048 [31merror[39m: [31mENOENT: no such file or directory, open './storage/images/user_11.jpg'[39m
2024-05-21 10:33:45:3345 [31merror[39m: [31mENOENT: no such file or directory, open './storage/images/user_11.jpg'[39m
2024-05-21 10:33:45:3345 [31merror[39m: [31mENOENT: no such file or directory, open './storage/images/user_11.jpg'[39m
2024-05-21 10:33:55:3355 [31merror[39m: [31mENOENT: no such file or directory, open './storage/images/user_11.jpg'[39m
2024-05-21 10:34:03:343 [31merror[39m: [31mENOENT: no such file or directory, open './storage/images/user_11.jpg'[39m
2024-05-21 10:34:03:343 [31merror[39m: [31mENOENT: no such file or directory, open './storage/images/user_11.jpg'[39m
2024-05-21 10:41:15:4115 [31merror[39m: [31mENOENT: no such file or directory, open './storage/images/user_11.jpg'[39m
2024-05-21 11:39:05:395 [31merror[39m: [31mENOENT: no such file or directory, open './storage/images/user_11.jpg'[39m
2024-05-21 11:49:58:4958 [31merror[39m: [31mENOENT: no such file or directory, open './storage/images/user_11.jpg'[39m
2024-05-21 11:49:58:4958 [31merror[39m: [31mENOENT: no such file or directory, open './storage/images/user_11.jpg'[39m
2024-05-21 11:52:24:5224 [31merror[39m: [31mENOENT: no such file or directory, open './storage/images/user_11.jpg'[39m
2024-05-21 11:52:24:5224 [31merror[39m: [31mENOENT: no such file or directory, open './storage/images/user_11.jpg'[39m
2024-05-21 12:16:46:1646 [31merror[39m: [31mENOENT: no such file or directory, open './storage/images/user_11.jpg'[39m
2024-05-21 12:17:02:172 [31merror[39m: [31mENOENT: no such file or directory, open './storage/images/user_11.jpg'[39m
2024-05-21 12:17:02:172 [31merror[39m: [31mENOENT: no such file or directory, open './storage/images/user_11.jpg'[39m
2024-05-21 12:17:13:1713 [31merror[39m: [31mENOENT: no such file or directory, open './storage/images/user_11.jpg'[39m
2024-05-21 12:17:13:1713 [31merror[39m: [31mENOENT: no such file or directory, open './storage/images/user_11.jpg'[39m
2024-05-21 12:17:18:1718 [31merror[39m: [31mENOENT: no such file or directory, open './storage/images/user_11.jpg'[39m
2024-05-21 12:17:18:1718 [31merror[39m: [31mENOENT: no such file or directory, open './storage/images/user_11.jpg'[39m
2024-05-21 12:17:29:1729 [31merror[39m: [31mENOENT: no such file or directory, open './storage/images/user_11.jpg'[39m
2024-05-21 12:17:29:1729 [31merror[39m: [31mENOENT: no such file or directory, open './storage/images/user_11.jpg'[39m
2024-05-21 12:18:11:1811 [31merror[39m: [31mENOENT: no such file or directory, open './storage/images/user_11.jpg'[39m
2024-05-21 12:19:03:193 [31merror[39m: [31mENOENT: no such file or directory, open './storage/images/user_11.jpg'[39m
2024-05-21 12:19:04:194 [31merror[39m: [31mENOENT: no such file or directory, open './storage/images/user_11.jpg'[39m
2024-05-21 12:19:04:194 [31merror[39m: [31mENOENT: no such file or directory, open './storage/images/user_11.jpg'[39m
2024-05-21 12:19:08:198 [31merror[39m: [31mENOENT: no such file or directory, open './storage/images/user_11.jpg'[39m
2024-05-21 12:19:08:198 [31merror[39m: [31mENOENT: no such file or directory, open './storage/images/user_11.jpg'[39m
2024-05-21 12:19:10:1910 [31merror[39m: [31mENOENT: no such file or directory, open './storage/images/user_11.jpg'[39m
2024-05-21 12:19:10:1910 [31merror[39m: [31mENOENT: no such file or directory, open './storage/images/user_11.jpg'[39m
2024-05-21 12:27:58:2758 [31merror[39m: [31mENOENT: no such file or directory, open './storage/images/user_11.jpg'[39m
2024-05-21 12:27:58:2758 [31merror[39m: [31mENOENT: no such file or directory, open './storage/images/user_11.jpg'[39m
2024-05-21 12:28:09:289 [31merror[39m: [31mENOENT: no such file or directory, open './storage/images/user_11.jpg'[39m
2024-05-21 12:28:09:289 [31merror[39m: [31mENOENT: no such file or directory, open './storage/images/user_11.jpg'[39m
2024-05-21 12:29:11:2911 [31merror[39m: [31mENOENT: no such file or directory, open './storage/images/user_11.jpg'[39m
2024-05-21 12:29:11:2911 [31merror[39m: [31mENOENT: no such file or directory, open './storage/images/user_11.jpg'[39m
2024-05-21 12:29:27:2927 [31merror[39m: [31mENOENT: no such file or directory, open './storage/images/user_11.jpg'[39m
2024-05-21 12:29:27:2927 [31merror[39m: [31mENOENT: no such file or directory, open './storage/images/user_11.jpg'[39m
2024-05-21 12:29:51:2951 [31merror[39m: [31mENOENT: no such file or directory, open './storage/images/user_11.jpg'[39m
2024-05-21 12:29:51:2951 [31merror[39m: [31mENOENT: no such file or directory, open './storage/images/user_11.jpg'[39m
2024-05-21 18:10:26:1026 [31merror[39m: [31mENOENT: no such file or directory, open './storage/images/user_11.jpg'[39m
2024-05-21 18:11:01:111 [31merror[39m: [31mENOENT: no such file or directory, open './storage/images/user_11.jpg'[39m
2024-05-21 18:11:01:111 [31merror[39m: [31mENOENT: no such file or directory, open './storage/images/user_11.jpg'[39m
2024-05-21 22:42:49:4249 [31merror[39m: [31mENOENT: no such file or directory, open './storage/images/user_11.jpg'[39m
2024-05-21 22:43:02:432 [31merror[39m: [31mENOENT: no such file or directory, open './storage/images/user_11.jpg'[39m
2024-05-21 22:43:41:4341 [31merror[39m: [31mENOENT: no such file or directory, open './storage/images/user_11.jpg'[39m
2024-05-21 22:43:41:4341 [31merror[39m: [31mENOENT: no such file or directory, open './storage/images/user_11.jpg'[39m
2024-05-23 12:51:23:5123 [31merror[39m: [31mENOENT: no such file or directory, open './storage/images/user_11.jpg'[39m
2024-05-23 12:51:23:5123 [31merror[39m: [31mENOENT: no such file or directory, open './storage/images/user_11.jpg'[39m
2024-05-23 18:53:09:539 [31merror[39m: [31mENOENT: no such file or directory, open './storage/images/user_11.jpg'[39m
2024-05-23 18:53:09:539 [31merror[39m: [31mENOENT: no such file or directory, open './storage/images/user_11.jpg'[39m
2024-05-23 19:21:13:2113 [31merror[39m: [31mENOENT: no such file or directory, open './storage/images/user_11.jpg'[39m
2024-05-23 19:48:43:4843 [31merror[39m: [31mENOENT: no such file or directory, open './storage/images/user_11.jpg'[39m
2024-05-23 19:48:45:4845 [31merror[39m: [31mENOENT: no such file or directory, open './storage/images/user_11.jpg'[39m
2024-05-23 19:48:45:4845 [31merror[39m: [31mENOENT: no such file or directory, open './storage/images/user_11.jpg'[39m
2024-05-24 16:57:49:5749 [31merror[39m: [31mENOENT: no such file or directory, open './storage/images/user_11.jpg'[39m
2024-05-24 16:57:53:5753 [31merror[39m: [31mENOENT: no such file or directory, open './storage/images/user_11.jpg'[39m
2024-05-24 16:57:53:5753 [31merror[39m: [31mENOENT: no such file or directory, open './storage/images/user_11.jpg'[39m
2024-05-24 16:58:37:5837 [31merror[39m: [31mENOENT: no such file or directory, open './storage/images/user_11.jpg'[39m
2024-05-24 16:58:37:5837 [31merror[39m: [31mENOENT: no such file or directory, open './storage/images/user_11.jpg'[39m
2024-05-24 17:08:37:837 [31merror[39m: [31mENOENT: no such file or directory, open './storage/images/user_11.jpg'[39m
2024-05-24 17:08:37:837 [31merror[39m: [31mENOENT: no such file or directory, open './storage/images/user_11.jpg'[39m
2024-05-24 17:09:31:931 [31merror[39m: [31mENOENT: no such file or directory, open './storage/images/user_11.jpg'[39m
2024-05-24 17:09:31:931 [31merror[39m: [31mENOENT: no such file or directory, open './storage/images/user_11.jpg'[39m
2024-05-24 17:31:08:318 [31merror[39m: [31mENOENT: no such file or directory, open './storage/images/user_11.jpg'[39m
2024-05-24 17:31:08:318 [31merror[39m: [31mENOENT: no such file or directory, open './storage/images/user_11.jpg'[39m
2024-05-24 18:39:47:3947 [31merror[39m: [31mENOENT: no such file or directory, open './storage/images/user_11.jpg'[39m
2024-05-24 18:39:47:3947 [31merror[39m: [31mENOENT: no such file or directory, open './storage/images/user_11.jpg'[39m
2024-05-24 18:39:56:3956 [31merror[39m: [31mENOENT: no such file or directory, open './storage/images/user_11.jpg'[39m
2024-05-24 18:39:56:3956 [31merror[39m: [31mENOENT: no such file or directory, open './storage/images/user_11.jpg'[39m
2024-05-24 18:41:28:4128 [31merror[39m: [31mENOENT: no such file or directory, open './storage/images/user_11.jpg'[39m
2024-05-24 18:41:28:4128 [31merror[39m: [31mENOENT: no such file or directory, open './storage/images/user_11.jpg'[39m
2024-05-24 18:45:56:4556 [31merror[39m: [31mENOENT: no such file or directory, open './storage/images/user_11.jpg'[39m
2024-05-24 18:45:56:4556 [31merror[39m: [31mENOENT: no such file or directory, open './storage/images/user_11.jpg'[39m
2024-05-24 18:51:57:5157 [31merror[39m: [31mENOENT: no such file or directory, open './storage/images/user_11.jpg'[39m
2024-05-24 18:51:57:5157 [31merror[39m: [31mENOENT: no such file or directory, open './storage/images/user_11.jpg'[39m
2024-05-24 18:52:07:527 [31merror[39m: [31mENOENT: no such file or directory, open './storage/images/user_11.jpg'[39m
2024-05-24 18:52:07:527 [31merror[39m: [31mENOENT: no such file or directory, open './storage/images/user_11.jpg'[39m
2024-05-24 18:55:10:5510 [31merror[39m: [31mENOENT: no such file or directory, open './storage/images/user_11.jpg'[39m
2024-05-24 18:55:10:5510 [31merror[39m: [31mENOENT: no such file or directory, open './storage/images/user_11.jpg'[39m
2024-05-24 18:55:42:5542 [31merror[39m: [31mENOENT: no such file or directory, open './storage/images/user_11.jpg'[39m
2024-05-24 18:55:42:5542 [31merror[39m: [31mENOENT: no such file or directory, open './storage/images/user_11.jpg'[39m
2024-05-24 19:01:10:110 [31merror[39m: [31mENOENT: no such file or directory, open './storage/images/user_11.jpg'[39m
2024-05-24 19:01:10:110 [31merror[39m: [31mENOENT: no such file or directory, open './storage/images/user_11.jpg'[39m
2024-05-25 16:04:40:440 [31merror[39m: [31mENOENT: no such file or directory, open './storage/images/user_11.jpg'[39m
2024-05-25 16:16:40:1640 [31merror[39m: [31mENOENT: no such file or directory, open './storage/images/user_11.jpg'[39m
2024-05-25 16:18:13:1813 [31merror[39m: [31mENOENT: no such file or directory, open './storage/images/user_11.jpg'[39m
2024-05-25 16:32:48:3248 [31merror[39m: [31mENOENT: no such file or directory, open './storage/images/user_11.jpg'[39m
2024-05-25 16:32:48:3248 [31merror[39m: [31mENOENT: no such file or directory, open './storage/images/user_11.jpg'[39m
2024-05-25 16:32:49:3249 [31merror[39m: [31mENOENT: no such file or directory, open './storage/images/user_11.jpg'[39m
2024-05-25 16:32:49:3249 [31merror[39m: [31mENOENT: no such file or directory, open './storage/images/user_11.jpg'[39m
2024-05-25 16:43:11:4311 [31merror[39m: [31mENOENT: no such file or directory, open './storage/images/user_11.jpg'[39m
2024-05-25 17:21:39:2139 [31merror[39m: [31mENOENT: no such file or directory, open './storage/images/user_11.jpg'[39m
2024-05-25 17:21:39:2139 [31merror[39m: [31mENOENT: no such file or directory, open './storage/images/user_11.jpg'[39m
2024-05-25 17:23:11:2311 [31merror[39m: [31mENOENT: no such file or directory, open './storage/images/user_11.jpg'[39m
2024-05-25 17:23:11:2311 [31merror[39m: [31mENOENT: no such file or directory, open './storage/images/user_11.jpg'[39m
2024-05-25 17:23:14:2314 [31merror[39m: [31mENOENT: no such file or directory, open './storage/images/user_11.jpg'[39m
2024-05-25 17:23:14:2314 [31merror[39m: [31mENOENT: no such file or directory, open './storage/images/user_11.jpg'[39m
2024-05-25 17:44:48:4448 [31merror[39m: [31mENOENT: no such file or directory, open './storage/images/user_11.jpg'[39m
2024-05-25 18:14:45:1445 [31merror[39m: [31mENOENT: no such file or directory, open './storage/images/user_11.jpg'[39m
2024-05-25 18:14:45:1445 [31merror[39m: [31mENOENT: no such file or directory, open './storage/images/user_11.jpg'[39m
2024-05-25 18:19:15:1915 [31merror[39m: [31mENOENT: no such file or directory, open './storage/images/user_11.jpg'[39m
2024-05-25 18:19:15:1915 [31merror[39m: [31mENOENT: no such file or directory, open './storage/images/user_11.jpg'[39m
2024-05-26 13:39:14:3914 [31merror[39m: [31mENOENT: no such file or directory, open './storage/images/user_11.jpg'[39m
2024-05-26 13:39:14:3914 [31merror[39m: [31mENOENT: no such file or directory, open './storage/images/user_11.jpg'[39m
2024-05-26 13:39:34:3934 [31merror[39m: [31mENOENT: no such file or directory, open './storage/images/user_11.jpg'[39m
2024-05-26 13:39:34:3934 [31merror[39m: [31mENOENT: no such file or directory, open './storage/images/user_11.jpg'[39m
2024-05-26 13:40:26:4026 [31merror[39m: [31mENOENT: no such file or directory, open './storage/images/user_11.jpg'[39m
2024-05-26 13:40:38:4038 [31merror[39m: [31mENOENT: no such file or directory, open './storage/images/user_11.jpg'[39m
2024-05-26 13:50:22:5022 [31merror[39m: [31mENOENT: no such file or directory, open './storage/images/user_11.jpg'[39m
2024-05-26 13:51:36:5136 [31merror[39m: [31mENOENT: no such file or directory, open './storage/images/user_11.jpg'[39m
2024-05-26 13:51:36:5136 [31merror[39m: [31mENOENT: no such file or directory, open './storage/images/user_11.jpg'[39m
2024-05-26 15:06:06:66 [31merror[39m: [31mENOENT: no such file or directory, open './storage/images/user_11.jpg'[39m
2024-05-26 15:15:49:1549 [31merror[39m: [31mENOENT: no such file or directory, open './storage/images/user_11.jpg'[39m
2024-05-26 15:15:49:1549 [31merror[39m: [31mENOENT: no such file or directory, open './storage/images/user_11.jpg'[39m
2024-05-26 15:18:36:1836 [31merror[39m: [31mENOENT: no such file or directory, open './storage/images/user_11.jpg'[39m
2024-05-26 15:18:36:1836 [31merror[39m: [31mENOENT: no such file or directory, open './storage/images/user_11.jpg'[39m
2024-05-26 15:28:29:2829 [31merror[39m: [31mENOENT: no such file or directory, open './storage/images/user_11.jpg'[39m
2024-05-26 15:28:29:2829 [31merror[39m: [31mENOENT: no such file or directory, open './storage/images/user_11.jpg'[39m
2024-05-26 15:44:51:4451 [31merror[39m: [31mENOENT: no such file or directory, open './storage/images/user_11.jpg'[39m
2024-05-26 15:44:51:4451 [31merror[39m: [31mENOENT: no such file or directory, open './storage/images/user_11.jpg'[39m
2024-05-26 15:47:19:4719 [31merror[39m: [31mENOENT: no such file or directory, open './storage/images/user_11.jpg'[39m
2024-05-26 15:47:20:4720 [31merror[39m: [31mENOENT: no such file or directory, open './storage/images/user_11.jpg'[39m
2024-05-26 15:48:08:488 [31merror[39m: [31mENOENT: no such file or directory, open './storage/images/user_11.jpg'[39m
2024-05-26 15:48:08:488 [31merror[39m: [31mENOENT: no such file or directory, open './storage/images/user_11.jpg'[39m
